#
# A fatal error has been detected by the Java Runtime Environment:
#
#  SIGSEGV (0xb) at pc=0x00007f30c5716fe5, pid=27510, tid=0x00007f30801de700
#
# JRE version: Java(TM) SE Runtime Environment (8.0_112-b15) (build 1.8.0_112-b15)
# Java VM: Java HotSpot(TM) 64-Bit Server VM (25.112-b15 mixed mode linux-amd64 compressed oops)
# Problematic frame:
# V  [libjvm.so+0x7fdfe5]  PhaseLive::compute(unsigned int)+0x3f5
#
# Failed to write core dump. Core dumps have been disabled. To enable core dumping, try "ulimit -c unlimited" before starting Java again
#
# If you would like to submit a bug report, please visit:
#   http://bugreport.java.com/bugreport/crash.jsp
#

---------------  T H R E A D  ---------------

Current thread (0x00007f30c00c6000):  JavaThread "C2 CompilerThread0" daemon [_thread_in_native, id=27529, stack(0x00007f30800de000,0x00007f30801df000)]

siginfo: si_signo: 11 (SIGSEGV), si_code: 1 (SEGV_MAPERR), si_addr: 0x00007f33aa03eee0

Registers:
RAX=0x00007f3068af7520, RBX=0x0000000000000090, RCX=0x00000000682a8f38, RDX=0x00000000682a8f38
RSP=0x00007f30801da600, RBP=0x00007f30801da6c0, RSI=0x0000000000000000, RDI=0x0000000020000000
R8 =0x0000000000000010, R9 =0x00007f30690d5750, R10=0x0000000000100000, R11=0x00007f30801da670
R12=0x0000000000000008, R13=0x00007f3060725260, R14=0x00007f30801da7d0, R15=0x00007f30607b13d8
RIP=0x00007f30c5716fe5, EFLAGS=0x0000000000010246, CSGSFS=0x0000000000000033, ERR=0x0000000000000004
  TRAPNO=0x000000000000000e

Top of Stack: (sp=0x00007f30801da600)
0x00007f30801da600:   00007f30801da630 00007f30690d5750
0x00007f30801da610:   0000000000000028 00007f30801da670
0x00007f30801da620:   00007f30c5ea31a0 000001b4000042d5
0x00007f30801da630:   00007f30648a40c0 0000000200000001
0x00007f30801da640:   00007f30c0c24720 00007f30c0c24970
0x00007f30801da650:   00007f30c0c2c708 00007f30c00c6680
0x00007f30801da660:   0000000000350020 00007f30681f51c8
0x00007f30801da670:   00007f30c5e85710 00007f30c00c6680
0x00007f30801da680:   00007f3000000040 00007f30685863e0
0x00007f30801da690:   00007f3068eb16a0 00007f30c5ed02c0
0x00007f30801da6a0:   0000000000004278 00000000000000a0
0x00007f30801da6b0:   00007f30801dc058 00007f30801dc060
0x00007f30801da6c0:   00007f30801da930 00007f30c532820c
0x00007f30801da6d0:   0000000000000000 00007f30801da870
0x00007f30801da6e0:   00007f30801da830 00007f30801da710
0x00007f30801da6f0:   00007f30801da7d0 00007f30801da8a0
0x00007f30801da700:   00007f30801dbf70 0000000a000007b1
0x00007f30801da710:   00007f30c5e6e1f0 000000000000000d
0x00007f30801da720:   00007f30801dce00 00007f30801dbf70
0x00007f30801da730:   00007f3000000001 00007f306429cec0
0x00007f30801da740:   00007f30801da7b0 00007f30c5ea1cc4
0x00007f30801da750:   00007f30801da790 00007f30c5835c15
0x00007f30801da760:   0000000c801da820 00007f30c598faa6
0x00007f30801da770:   000000000000d970 00007f30c598f9f7
0x00007f30801da780:   00007f30801da7f0 00007f30c51faf65
0x00007f30801da790:   00007f30801da7f0 00007f30c51f92a4
0x00007f30801da7a0:   0000000000000000 0000000000000000
0x00007f30801da7b0:   0000000000000000 0000000000000000
0x00007f30801da7c0:   00007f3000000043 00007f30c00c6680
0x00007f30801da7d0:   000000000000000a 00007f30801dce00
0x00007f30801da7e0:   00007f306904aef0 00007f3069097db0
0x00007f30801da7f0:   00007f30682210f0 00007f3060444310 

Instructions: (pc=0x00007f30c5716fe5)
0x00007f30c5716fc5:   00 66 2e 0f 1f 84 00 00 00 00 00 49 8b 47 08 4a
0x00007f30c5716fd5:   8b 04 20 8b 48 28 49 8b 46 38 48 8b 40 68 89 ca
0x00007f30c5716fe5:   4c 3b 2c d0 74 65 49 8b 46 40 48 63 d1 48 8b 40
0x00007f30c5716ff5:   18 8b 1c 90 85 db 74 53 48 8b 8d 70 ff ff ff 89 

Register to memory mapping:

RAX=0x00007f3068af7520 is an unknown value
RBX=0x0000000000000090 is an unknown value
RCX=0x00000000682a8f38 is an unknown value
RDX=0x00000000682a8f38 is an unknown value
RSP=0x00007f30801da600 is pointing into the stack for thread: 0x00007f30c00c6000
RBP=0x00007f30801da6c0 is pointing into the stack for thread: 0x00007f30c00c6000
RSI=0x0000000000000000 is an unknown value
RDI=0x0000000020000000 is an unknown value
R8 =0x0000000000000010 is an unknown value
R9 =0x00007f30690d5750 is an unknown value
R10=0x0000000000100000 is an unknown value
R11=0x00007f30801da670 is pointing into the stack for thread: 0x00007f30c00c6000
R12=0x0000000000000008 is an unknown value
R13=0x00007f3060725260 is an unknown value
R14=0x00007f30801da7d0 is pointing into the stack for thread: 0x00007f30c00c6000
R15=0x00007f30607b13d8 is an unknown value


Stack: [0x00007f30800de000,0x00007f30801df000],  sp=0x00007f30801da600,  free space=1009k
Native frames: (J=compiled Java code, j=interpreted, Vv=VM code, C=native code)
V  [libjvm.so+0x7fdfe5]  PhaseLive::compute(unsigned int)+0x3f5
V  [libjvm.so+0x40f20c]  PhaseChaitin::Register_Allocate()+0xe4c
V  [libjvm.so+0x4a3010]  Compile::Code_Gen()+0x260
V  [libjvm.so+0x4a5891]  Compile::Compile(ciEnv*, C2Compiler*, ciMethod*, int, bool, bool, bool)+0x14b1
V  [libjvm.so+0x3f2615]  C2Compiler::compile_method(ciEnv*, ciMethod*, int)+0x1f5
V  [libjvm.so+0x4afdda]  CompileBroker::invoke_compiler_on_method(CompileTask*)+0xc9a
V  [libjvm.so+0x4b0d86]  CompileBroker::compiler_thread_loop()+0x5d6
V  [libjvm.so+0xa755f3]  JavaThread::thread_main_inner()+0x103
V  [libjvm.so+0xa7573c]  JavaThread::run()+0x11c
V  [libjvm.so+0x926138]  java_start(Thread*)+0x108
C  [libpthread.so.0+0x76ba]  start_thread+0xca


Current CompileTask:
C2:   2598 2925   !   4       java.net.URLClassLoader$1::run (63 bytes)


---------------  P R O C E S S  ---------------

Java Threads: ( => current thread )
  0x00007f30c0db3000 JavaThread "spring.cloud.inetutils" daemon [_thread_blocked, id=27547, stack(0x00007f3078ab6000,0x00007f3078bb7000)]
  0x00007f30c0dac000 JavaThread "container-0" [_thread_blocked, id=27546, stack(0x00007f3078f05000,0x00007f3079006000)]
  0x00007f30c0daa800 JavaThread "ContainerBackgroundProcessor[StandardEngine[Tomcat]]" daemon [_thread_blocked, id=27545, stack(0x00007f3079006000,0x00007f3079107000)]
  0x00007f304c286800 JavaThread "localhost-startStop-1" daemon [_thread_blocked, id=27544, stack(0x00007f3078bb7000,0x00007f3078cb8000)]
  0x00007f30c0da9800 JavaThread "Tomcat-startStop-1" daemon [_thread_blocked, id=27543, stack(0x00007f307a5df000,0x00007f307a6e0000)]
  0x00007f30c0664800 JavaThread "RMI TCP Accept-0" daemon [_thread_in_native, id=27536, stack(0x00007f307aa09000,0x00007f307ab0a000)]
  0x00007f30c0630800 JavaThread "RMI TCP Accept-39179" daemon [_thread_in_native, id=27535, stack(0x00007f307ab14000,0x00007f307ac15000)]
  0x00007f30c061a800 JavaThread "RMI TCP Accept-0" daemon [_thread_in_native, id=27534, stack(0x00007f307ac15000,0x00007f307ad16000)]
  0x00007f30c00e0000 JavaThread "Service Thread" daemon [_thread_blocked, id=27533, stack(0x00007f307b771000,0x00007f307b872000)]
  0x00007f30c00cc800 JavaThread "C1 CompilerThread3" daemon [_thread_blocked, id=27532, stack(0x00007f307b872000,0x00007f307b973000)]
  0x00007f30c00ca800 JavaThread "C2 CompilerThread2" daemon [_thread_in_native, id=27531, stack(0x00007f307b973000,0x00007f307ba74000)]
  0x00007f30c00c9000 JavaThread "C2 CompilerThread1" daemon [_thread_in_native, id=27530, stack(0x00007f307ba74000,0x00007f307bb75000)]
=>0x00007f30c00c6000 JavaThread "C2 CompilerThread0" daemon [_thread_in_native, id=27529, stack(0x00007f30800de000,0x00007f30801df000)]
  0x00007f30c00c4800 JavaThread "Signal Dispatcher" daemon [_thread_blocked, id=27528, stack(0x00007f30801df000,0x00007f30802e0000)]
  0x00007f30c0091800 JavaThread "Finalizer" daemon [_thread_blocked, id=27527, stack(0x00007f30ac0d6000,0x00007f30ac1d7000)]
  0x00007f30c008d000 JavaThread "Reference Handler" daemon [_thread_blocked, id=27526, stack(0x00007f30ac1d7000,0x00007f30ac2d8000)]
  0x00007f30c000f800 JavaThread "main" [_thread_in_Java, id=27516, stack(0x00007f30c6a0b000,0x00007f30c6b0c000)]

Other Threads:
  0x00007f30c0085800 VMThread [stack: 0x00007f30ac2d8000,0x00007f30ac3d9000] [id=27525]
  0x00007f30c0669000 WatcherThread [stack: 0x00007f307a908000,0x00007f307aa09000] [id=27537]

VM state:not at safepoint (normal execution)

VM Mutex/Monitor currently owned by a thread: None

Heap:
 PSYoungGen      total 221184K, used 182651K [0x000000076c980000, 0x000000077d800000, 0x00000007c0000000)
  eden space 212992K, 82% used [0x000000076c980000,0x0000000777452ba0,0x0000000779980000)
  from space 8192K, 94% used [0x000000077d000000,0x000000077d78c290,0x000000077d800000)
  to   space 10752K, 0% used [0x000000077c300000,0x000000077c300000,0x000000077cd80000)
 ParOldGen       total 96768K, used 9884K [0x00000006c5c00000, 0x00000006cba80000, 0x000000076c980000)
  object space 96768K, 10% used [0x00000006c5c00000,0x00000006c65a71b0,0x00000006cba80000)
 Metaspace       used 30554K, capacity 30928K, committed 31360K, reserved 1077248K
  class space    used 3750K, capacity 3845K, committed 3968K, reserved 1048576K

Card table byte_map: [0x00007f30afe34000,0x00007f30b0607000] byte_map_base: 0x00007f30ac806000

Marking Bits: (ParMarkBitMap*) 0x00007f30c5eddc80
 Begin Bits: [0x00007f30802e0000, 0x00007f3084170000)
 End Bits:   [0x00007f3084170000, 0x00007f3088000000)

Polling page: 0x00007f30c6b2d000

CodeCache: size=245760Kb used=12192Kb max_used=12192Kb free=233568Kb
 bounds [0x00007f30b09c7000, 0x00007f30b15b7000, 0x00007f30bf9c7000]
 total_blobs=3767 nmethods=3370 adapters=310
 compilation: enabled

Compilation events (10 events):
Event: 2.590 Thread 0x00007f30c00cc800 3384       3       org.springframework.cglib.core.CodeEmitter::unbox (132 bytes)
Event: 2.592 Thread 0x00007f30c00cc800 nmethod 3384 0x00007f30b15b1b10 code [0x00007f30b15b1e40, 0x00007f30b15b35e8]
Event: 2.592 Thread 0x00007f30c00cc800 3385       3       sun.nio.cs.FastCharsetProvider::toLower (122 bytes)
Event: 2.593 Thread 0x00007f30c00cc800 nmethod 3385 0x00007f30b15b4450 code [0x00007f30b15b4660, 0x00007f30b15b52c8]
Event: 2.593 Thread 0x00007f30c00cc800 3386       3       sun.nio.cs.FastCharsetProvider::canonicalize (24 bytes)
Event: 2.593 Thread 0x00007f30c00cc800 nmethod 3386 0x00007f30b15b5890 code [0x00007f30b15b5a20, 0x00007f30b15b5d88]
Event: 2.593 Thread 0x00007f30c00cc800 3387       3       java.net.URLClassLoader$3$1::run (5 bytes)
Event: 2.593 Thread 0x00007f30c00cc800 nmethod 3387 0x00007f30b15b5e50 code [0x00007f30b15b5fe0, 0x00007f30b15b6498]
Event: 2.595 Thread 0x00007f30c00cc800 3388       3       com.sun.org.apache.xalan.internal.utils.XMLSecurityManager$NameMap::getOldName (18 bytes)
Event: 2.595 Thread 0x00007f30c00cc800 nmethod 3388 0x00007f30b15b6650 code [0x00007f30b15b67c0, 0x00007f30b15b6a48]

GC Heap History (10 events):
Event: 0.563 GC heap before
{Heap before GC invocations=1 (full 0):
 PSYoungGen      total 75264K, used 64512K [0x000000076c980000, 0x0000000771d80000, 0x00000007c0000000)
  eden space 64512K, 100% used [0x000000076c980000,0x0000000770880000,0x0000000770880000)
  from space 10752K, 0% used [0x0000000771300000,0x0000000771300000,0x0000000771d80000)
  to   space 10752K, 0% used [0x0000000770880000,0x0000000770880000,0x0000000771300000)
 ParOldGen       total 172032K, used 0K [0x00000006c5c00000, 0x00000006d0400000, 0x000000076c980000)
  object space 172032K, 0% used [0x00000006c5c00000,0x00000006c5c00000,0x00000006d0400000)
 Metaspace       used 11970K, capacity 12156K, committed 12288K, reserved 1060864K
  class space    used 1491K, capacity 1536K, committed 1536K, reserved 1048576K
Event: 0.570 GC heap after
Heap after GC invocations=1 (full 0):
 PSYoungGen      total 75264K, used 6320K [0x000000076c980000, 0x0000000775c80000, 0x00000007c0000000)
  eden space 64512K, 0% used [0x000000076c980000,0x000000076c980000,0x0000000770880000)
  from space 10752K, 58% used [0x0000000770880000,0x0000000770eac2b8,0x0000000771300000)
  to   space 10752K, 0% used [0x0000000775200000,0x0000000775200000,0x0000000775c80000)
 ParOldGen       total 172032K, used 16K [0x00000006c5c00000, 0x00000006d0400000, 0x000000076c980000)
  object space 172032K, 0% used [0x00000006c5c00000,0x00000006c5c04000,0x00000006d0400000)
 Metaspace       used 11970K, capacity 12156K, committed 12288K, reserved 1060864K
  class space    used 1491K, capacity 1536K, committed 1536K, reserved 1048576K
}
Event: 0.808 GC heap before
{Heap before GC invocations=2 (full 0):
 PSYoungGen      total 75264K, used 70832K [0x000000076c980000, 0x0000000775c80000, 0x00000007c0000000)
  eden space 64512K, 100% used [0x000000076c980000,0x0000000770880000,0x0000000770880000)
  from space 10752K, 58% used [0x0000000770880000,0x0000000770eac2b8,0x0000000771300000)
  to   space 10752K, 0% used [0x0000000775200000,0x0000000775200000,0x0000000775c80000)
 ParOldGen       total 172032K, used 16K [0x00000006c5c00000, 0x00000006d0400000, 0x000000076c980000)
  object space 172032K, 0% used [0x00000006c5c00000,0x00000006c5c04000,0x00000006d0400000)
 Metaspace       used 18801K, capacity 18988K, committed 19328K, reserved 1067008K
  class space    used 2335K, capacity 2376K, committed 2432K, reserved 1048576K
Event: 0.824 GC heap after
Heap after GC invocations=2 (full 0):
 PSYoungGen      total 139776K, used 10733K [0x000000076c980000, 0x0000000775c80000, 0x00000007c0000000)
  eden space 129024K, 0% used [0x000000076c980000,0x000000076c980000,0x0000000774780000)
  from space 10752K, 99% used [0x0000000775200000,0x0000000775c7b770,0x0000000775c80000)
  to   space 10752K, 0% used [0x0000000774780000,0x0000000774780000,0x0000000775200000)
 ParOldGen       total 172032K, used 1770K [0x00000006c5c00000, 0x00000006d0400000, 0x000000076c980000)
  object space 172032K, 1% used [0x00000006c5c00000,0x00000006c5dbab48,0x00000006d0400000)
 Metaspace       used 18801K, capacity 18988K, committed 19328K, reserved 1067008K
  class space    used 2335K, capacity 2376K, committed 2432K, reserved 1048576K
}
Event: 1.013 GC heap before
{Heap before GC invocations=3 (full 0):
 PSYoungGen      total 139776K, used 50320K [0x000000076c980000, 0x0000000775c80000, 0x00000007c0000000)
  eden space 129024K, 30% used [0x000000076c980000,0x000000076f0289d8,0x0000000774780000)
  from space 10752K, 99% used [0x0000000775200000,0x0000000775c7b770,0x0000000775c80000)
  to   space 10752K, 0% used [0x0000000774780000,0x0000000774780000,0x0000000775200000)
 ParOldGen       total 172032K, used 1770K [0x00000006c5c00000, 0x00000006d0400000, 0x000000076c980000)
  object space 172032K, 1% used [0x00000006c5c00000,0x00000006c5dbab48,0x00000006d0400000)
 Metaspace       used 20992K, capacity 21160K, committed 21296K, reserved 1069056K
  class space    used 2575K, capacity 2617K, committed 2688K, reserved 1048576K
Event: 1.032 GC heap after
Heap after GC invocations=3 (full 0):
 PSYoungGen      total 139776K, used 10138K [0x000000076c980000, 0x000000077da80000, 0x00000007c0000000)
  eden space 129024K, 0% used [0x000000076c980000,0x000000076c980000,0x0000000774780000)
  from space 10752K, 94% used [0x0000000774780000,0x0000000775166908,0x0000000775200000)
  to   space 10752K, 0% used [0x000000077d000000,0x000000077d000000,0x000000077da80000)
 ParOldGen       total 172032K, used 1778K [0x00000006c5c00000, 0x00000006d0400000, 0x000000076c980000)
  object space 172032K, 1% used [0x00000006c5c00000,0x00000006c5dbcb48,0x00000006d0400000)
 Metaspace       used 20992K, capacity 21160K, committed 21296K, reserved 1069056K
  class space    used 2575K, capacity 2617K, committed 2688K, reserved 1048576K
}
Event: 1.032 GC heap before
{Heap before GC invocations=4 (full 1):
 PSYoungGen      total 139776K, used 10138K [0x000000076c980000, 0x000000077da80000, 0x00000007c0000000)
  eden space 129024K, 0% used [0x000000076c980000,0x000000076c980000,0x0000000774780000)
  from space 10752K, 94% used [0x0000000774780000,0x0000000775166908,0x0000000775200000)
  to   space 10752K, 0% used [0x000000077d000000,0x000000077d000000,0x000000077da80000)
 ParOldGen       total 172032K, used 1778K [0x00000006c5c00000, 0x00000006d0400000, 0x000000076c980000)
  object space 172032K, 1% used [0x00000006c5c00000,0x00000006c5dbcb48,0x00000006d0400000)
 Metaspace       used 20992K, capacity 21160K, committed 21296K, reserved 1069056K
  class space    used 2575K, capacity 2617K, committed 2688K, reserved 1048576K
Event: 1.058 GC heap after
Heap after GC invocations=4 (full 1):
 PSYoungGen      total 139776K, used 0K [0x000000076c980000, 0x000000077da80000, 0x00000007c0000000)
  eden space 129024K, 0% used [0x000000076c980000,0x000000076c980000,0x0000000774780000)
  from space 10752K, 0% used [0x0000000774780000,0x0000000774780000,0x0000000775200000)
  to   space 10752K, 0% used [0x000000077d000000,0x000000077d000000,0x000000077da80000)
 ParOldGen       total 96768K, used 9876K [0x00000006c5c00000, 0x00000006cba80000, 0x000000076c980000)
  object space 96768K, 10% used [0x00000006c5c00000,0x00000006c65a51b0,0x00000006cba80000)
 Metaspace       used 20992K, capacity 21160K, committed 21296K, reserved 1069056K
  class space    used 2575K, capacity 2617K, committed 2688K, reserved 1048576K
}
Event: 1.619 GC heap before
{Heap before GC invocations=5 (full 1):
 PSYoungGen      total 139776K, used 129024K [0x000000076c980000, 0x000000077da80000, 0x00000007c0000000)
  eden space 129024K, 100% used [0x000000076c980000,0x0000000774780000,0x0000000774780000)
  from space 10752K, 0% used [0x0000000774780000,0x0000000774780000,0x0000000775200000)
  to   space 10752K, 0% used [0x000000077d000000,0x000000077d000000,0x000000077da80000)
 ParOldGen       total 96768K, used 9876K [0x00000006c5c00000, 0x00000006cba80000, 0x000000076c980000)
  object space 96768K, 10% used [0x00000006c5c00000,0x00000006c65a51b0,0x00000006cba80000)
 Metaspace       used 25759K, capacity 26100K, committed 26368K, reserved 1073152K
  class space    used 3199K, capacity 3291K, committed 3328K, reserved 1048576K
Event: 1.628 GC heap after
Heap after GC invocations=5 (full 1):
 PSYoungGen      total 221184K, used 7728K [0x000000076c980000, 0x000000077d800000, 0x00000007c0000000)
  eden space 212992K, 0% used [0x000000076c980000,0x000000076c980000,0x0000000779980000)
  from space 8192K, 94% used [0x000000077d000000,0x000000077d78c290,0x000000077d800000)
  to   space 10752K, 0% used [0x000000077c300000,0x000000077c300000,0x000000077cd80000)
 ParOldGen       total 96768K, used 9884K [0x00000006c5c00000, 0x00000006cba80000, 0x000000076c980000)
  object space 96768K, 10% used [0x00000006c5c00000,0x00000006c65a71b0,0x00000006cba80000)
 Metaspace       used 25759K, capacity 26100K, committed 26368K, reserved 1073152K
  class space    used 3199K, capacity 3291K, committed 3328K, reserved 1048576K
}

Deoptimization events (10 events):
Event: 2.300 Thread 0x00007f30c000f800 Uncommon trap: reason=unstable_if action=reinterpret pc=0x00007f30b0f24820 method=java.util.concurrent.ConcurrentHashMap.get(Ljava/lang/Object;)Ljava/lang/Object; @ 76
Event: 2.315 Thread 0x00007f30c000f800 Uncommon trap: reason=unstable_if action=reinterpret pc=0x00007f30b102d96c method=java.util.regex.Pattern$CharProperty$1.isSatisfiedBy(I)Z @ 8
Event: 2.315 Thread 0x00007f30c000f800 Uncommon trap: reason=unstable_if action=reinterpret pc=0x00007f30b1059e4c method=java.util.regex.Pattern$CharProperty$1.isSatisfiedBy(I)Z @ 8
Event: 2.371 Thread 0x00007f30c000f800 Uncommon trap: reason=unstable_if action=reinterpret pc=0x00007f30b15004a0 method=org.springframework.asm.Frame.merge(Lorg/springframework/asm/ClassWriter;I[II)Z @ 80
Event: 2.371 Thread 0x00007f30c000f800 Uncommon trap: reason=unstable_if action=reinterpret pc=0x00007f30b134d6d4 method=org.springframework.asm.Frame.merge(Lorg/springframework/asm/ClassWriter;I[II)Z @ 80
Event: 2.376 Thread 0x00007f30c000f800 Uncommon trap: reason=range_check action=make_not_entrant pc=0x00007f30b13c97fc method=java.lang.String.charAt(I)C @ 27
Event: 2.415 Thread 0x00007f30c000f800 Uncommon trap: reason=class_check action=maybe_recompile pc=0x00007f30b1554580 method=org.springframework.beans.factory.support.AbstractBeanFactory.isTypeMatch(Ljava/lang/String;Lorg/springframework/core/ResolvableType;)Z @ 37
Event: 2.415 Thread 0x00007f30c000f800 Uncommon trap: reason=class_check action=maybe_recompile pc=0x00007f30b1554580 method=org.springframework.beans.factory.support.AbstractBeanFactory.isTypeMatch(Ljava/lang/String;Lorg/springframework/core/ResolvableType;)Z @ 37
Event: 2.426 Thread 0x00007f30c000f800 Uncommon trap: reason=class_check action=maybe_recompile pc=0x00007f30b1554580 method=org.springframework.beans.factory.support.AbstractBeanFactory.isTypeMatch(Ljava/lang/String;Lorg/springframework/core/ResolvableType;)Z @ 37
Event: 2.426 Thread 0x00007f30c000f800 Uncommon trap: reason=class_check action=maybe_recompile pc=0x00007f30b1554580 method=org.springframework.beans.factory.support.AbstractBeanFactory.isTypeMatch(Ljava/lang/String;Lorg/springframework/core/ResolvableType;)Z @ 37

Internal exceptions (10 events):
Event: 2.583 Thread 0x00007f30c000f800 Exception <a 'java/lang/ClassNotFoundException': org/springframework/http/converter/AbstractHttpMessageConverterCustomizer> (0x0000000776fd4948) thrown at [/HUDSON3/workspace/8-2-build-linux-amd64/jdk8u112/7884/hotspot/src/share/vm/classfile/systemDiction
Event: 2.583 Thread 0x00007f30c000f800 Exception <a 'java/lang/ClassNotFoundException': org/springframework/http/converter/AbstractGenericHttpMessageConverterCustomizer> (0x0000000777001ca8) thrown at [/HUDSON3/workspace/8-2-build-linux-amd64/jdk8u112/7884/hotspot/src/share/vm/classfile/system
Event: 2.584 Thread 0x00007f30c000f800 Exception <a 'java/lang/ClassNotFoundException': org/springframework/http/converter/json/AbstractJackson2HttpMessageConverterCustomizer> (0x000000077702f9f8) thrown at [/HUDSON3/workspace/8-2-build-linux-amd64/jdk8u112/7884/hotspot/src/share/vm/classfile/
Event: 2.584 Thread 0x00007f30c000f800 Exception <a 'java/lang/ClassNotFoundException': org/springframework/http/converter/json/MappingJackson2HttpMessageConverterCustomizer> (0x0000000777063c80) thrown at [/HUDSON3/workspace/8-2-build-linux-amd64/jdk8u112/7884/hotspot/src/share/vm/classfile/s
Event: 2.585 Thread 0x00007f30c000f800 Exception <a 'java/lang/ClassNotFoundException': org/springframework/http/converter/GenericHttpMessageConverterCustomizer> (0x000000077708f318) thrown at [/HUDSON3/workspace/8-2-build-linux-amd64/jdk8u112/7884/hotspot/src/share/vm/classfile/systemDictiona
Event: 2.585 Thread 0x00007f30c000f800 Exception <a 'java/lang/ClassNotFoundException': org/springframework/http/converter/HttpMessageConverterCustomizer> (0x00000007770b4700) thrown at [/HUDSON3/workspace/8-2-build-linux-amd64/jdk8u112/7884/hotspot/src/share/vm/classfile/systemDictionary.cpp,
Event: 2.587 Thread 0x00007f30c000f800 Exception <a 'java/lang/ClassNotFoundException': java/lang/ObjectCustomizer> (0x00000007770cb7f8) thrown at [/HUDSON3/workspace/8-2-build-linux-amd64/jdk8u112/7884/hotspot/src/share/vm/classfile/systemDictionary.cpp, line 210]
Event: 2.588 Thread 0x00007f30c000f800 Exception <a 'java/lang/ClassNotFoundException': org/springframework/boot/autoconfigure/web/HttpMessageConvertersAutoConfigurationCustomizer> (0x00000007770f54c0) thrown at [/HUDSON3/workspace/8-2-build-linux-amd64/jdk8u112/7884/hotspot/src/share/vm/class
Event: 2.588 Thread 0x00007f30c000f800 Exception <a 'java/lang/ClassNotFoundException': org/springframework/boot/autoconfigure/web/HttpMessageConvertersAutoConfiguration$$EnhancerBySpringCGLIB$$bae4213bCustomizer> (0x0000000777127250) thrown at [/HUDSON3/workspace/8-2-build-linux-amd64/jdk8u11
Event: 2.588 Thread 0x00007f30c000f800 Exception <a 'java/lang/ClassNotFoundException': org/springframework/context/annotation/ConfigurationClassEnhancer$EnhancedConfigurationCustomizer> (0x0000000777155d70) thrown at [/HUDSON3/workspace/8-2-build-linux-amd64/jdk8u112/7884/hotspot/src/share/vm

Events (10 events):
Event: 2.596 loading class com/fasterxml/jackson/datatype/jsr310/JavaTimeModule
Event: 2.596 loading class com/fasterxml/jackson/datatype/jsr310/JavaTimeModule done
Event: 2.596 loading class com/fasterxml/jackson/datatype/jsr310$JavaTimeModule
Event: 2.596 loading class com/fasterxml/jackson/datatype/jsr310$JavaTimeModule done
Event: 2.596 loading class com/fasterxml/jackson/datatype/joda/JodaModule
Event: 2.596 loading class com/fasterxml/jackson/datatype/joda/JodaModule done
Event: 2.596 loading class com/fasterxml/jackson/datatype/joda$JodaModule
Event: 2.596 loading class com/fasterxml/jackson/datatype/joda$JodaModule done
Event: 2.596 loading class kotlin/Unit
Event: 2.596 loading class kotlin/Unit done


Dynamic libraries:
00400000-00401000 r-xp 00000000 08:01 57409852                           /home/weapon/java/jdk1.8.0_112/bin/java
00600000-00601000 rw-p 00000000 08:01 57409852                           /home/weapon/java/jdk1.8.0_112/bin/java
01d6d000-01d8e000 rw-p 00000000 00:00 0                                  [heap]
6c5c00000-6cba80000 rw-p 00000000 00:00 0 
6cba80000-76c980000 ---p 00000000 00:00 0 
76c980000-77d800000 rw-p 00000000 00:00 0 
77d800000-7c0000000 ---p 00000000 00:00 0 
7c0000000-7c03e0000 rw-p 00000000 00:00 0 
7c03e0000-800000000 ---p 00000000 00:00 0 
7f3038000000-7f3038021000 rw-p 00000000 00:00 0 
7f3038021000-7f303c000000 ---p 00000000 00:00 0 
7f303c000000-7f303c021000 rw-p 00000000 00:00 0 
7f303c021000-7f3040000000 ---p 00000000 00:00 0 
7f3040000000-7f304035f000 rw-p 00000000 00:00 0 
7f304035f000-7f3044000000 ---p 00000000 00:00 0 
7f3044000000-7f3044021000 rw-p 00000000 00:00 0 
7f3044021000-7f3048000000 ---p 00000000 00:00 0 
7f3048000000-7f3048021000 rw-p 00000000 00:00 0 
7f3048021000-7f304c000000 ---p 00000000 00:00 0 
7f304c000000-7f304c29a000 rw-p 00000000 00:00 0 
7f304c29a000-7f3050000000 ---p 00000000 00:00 0 
7f3050000000-7f3050021000 rw-p 00000000 00:00 0 
7f3050021000-7f3054000000 ---p 00000000 00:00 0 
7f3054000000-7f3054021000 rw-p 00000000 00:00 0 
7f3054021000-7f3058000000 ---p 00000000 00:00 0 
7f3058000000-7f3058021000 rw-p 00000000 00:00 0 
7f3058021000-7f305c000000 ---p 00000000 00:00 0 
7f305c000000-7f305c021000 rw-p 00000000 00:00 0 
7f305c021000-7f3060000000 ---p 00000000 00:00 0 
7f3060000000-7f3060f3a000 rw-p 00000000 00:00 0 
7f3060f3a000-7f3064000000 ---p 00000000 00:00 0 
7f3064000000-7f3064d29000 rw-p 00000000 00:00 0 
7f3064d29000-7f3068000000 ---p 00000000 00:00 0 
7f3068000000-7f306937c000 rw-p 00000000 00:00 0 
7f306937c000-7f306c000000 ---p 00000000 00:00 0 
7f306c000000-7f306cea8000 rw-p 00000000 00:00 0 
7f306cea8000-7f3070000000 ---p 00000000 00:00 0 
7f3070000000-7f3070021000 rw-p 00000000 00:00 0 
7f3070021000-7f3074000000 ---p 00000000 00:00 0 
7f3074000000-7f3074021000 rw-p 00000000 00:00 0 
7f3074021000-7f3078000000 ---p 00000000 00:00 0 
7f3078619000-7f3078976000 rw-p 00000000 00:00 0 
7f3078976000-7f3078ab6000 ---p 00000000 00:00 0 
7f3078ab6000-7f3078ab9000 ---p 00000000 00:00 0 
7f3078ab9000-7f3078bb7000 rw-p 00000000 00:00 0 
7f3078bb7000-7f3078bba000 ---p 00000000 00:00 0 
7f3078bba000-7f3078eb8000 rw-p 00000000 00:00 0 
7f3078f05000-7f3078f08000 ---p 00000000 00:00 0 
7f3078f08000-7f3079006000 rw-p 00000000 00:00 0 
7f3079006000-7f3079009000 ---p 00000000 00:00 0 
7f3079009000-7f3079307000 rw-p 00000000 00:00 0 
7f3079307000-7f3079507000 rw-p 00000000 00:00 0 
7f3079507000-7f3079707000 rw-p 00000000 00:00 0 
7f3079707000-7f307979c000 r--s 01109000 08:01 57410010                   /home/weapon/java/jdk1.8.0_112/jre/lib/ext/jfxrt.jar
7f307979c000-7f307999c000 rw-p 00000000 00:00 0 
7f307999c000-7f3079b9c000 rw-p 00000000 00:00 0 
7f3079b9c000-7f3079d9c000 rw-p 00000000 00:00 0 
7f3079d9c000-7f3079f9c000 rw-p 00000000 00:00 0 
7f3079f9c000-7f3079fb3000 r-xp 00000000 08:01 55709908                   /lib/x86_64-linux-gnu/libresolv-2.23.so
7f3079fb3000-7f307a1b3000 ---p 00017000 08:01 55709908                   /lib/x86_64-linux-gnu/libresolv-2.23.so
7f307a1b3000-7f307a1b4000 r--p 00017000 08:01 55709908                   /lib/x86_64-linux-gnu/libresolv-2.23.so
7f307a1b4000-7f307a1b5000 rw-p 00018000 08:01 55709908                   /lib/x86_64-linux-gnu/libresolv-2.23.so
7f307a1b5000-7f307a1b7000 rw-p 00000000 00:00 0 
7f307a1b7000-7f307a1bc000 r-xp 00000000 08:01 55709911                   /lib/x86_64-linux-gnu/libnss_dns-2.23.so
7f307a1bc000-7f307a3bc000 ---p 00005000 08:01 55709911                   /lib/x86_64-linux-gnu/libnss_dns-2.23.so
7f307a3bc000-7f307a3bd000 r--p 00005000 08:01 55709911                   /lib/x86_64-linux-gnu/libnss_dns-2.23.so
7f307a3bd000-7f307a3be000 rw-p 00006000 08:01 55709911                   /lib/x86_64-linux-gnu/libnss_dns-2.23.so
7f307a3be000-7f307a3c0000 r-xp 00000000 08:01 55710092                   /lib/x86_64-linux-gnu/libnss_mdns4_minimal.so.2
7f307a3c0000-7f307a5bf000 ---p 00002000 08:01 55710092                   /lib/x86_64-linux-gnu/libnss_mdns4_minimal.so.2
7f307a5bf000-7f307a5c0000 r--p 00001000 08:01 55710092                   /lib/x86_64-linux-gnu/libnss_mdns4_minimal.so.2
7f307a5c0000-7f307a5c1000 rw-p 00002000 08:01 55710092                   /lib/x86_64-linux-gnu/libnss_mdns4_minimal.so.2
7f307a5c7000-7f307a5da000 r--s 00345000 08:01 57410158                   /home/weapon/java/jdk1.8.0_112/jre/lib/resources.jar
7f307a5da000-7f307a5df000 r--s 002f9000 08:01 57409879                   /home/weapon/java/jdk1.8.0_112/jre/lib/charsets.jar
7f307a5df000-7f307a5e2000 ---p 00000000 00:00 0 
7f307a5e2000-7f307a8e0000 rw-p 00000000 00:00 0 
7f307a8e0000-7f307a8e7000 r--s 00000000 08:01 28051945                   /usr/lib/x86_64-linux-gnu/gconv/gconv-modules.cache
7f307a8e7000-7f307a908000 r--p 00000000 08:01 29756085                   /usr/share/locale-langpack/zh_CN/LC_MESSAGES/libc.mo
7f307a908000-7f307a909000 ---p 00000000 00:00 0 
7f307a909000-7f307aa09000 rw-p 00000000 00:00 0 
7f307aa09000-7f307aa0c000 ---p 00000000 00:00 0 
7f307aa0c000-7f307ab0a000 rw-p 00000000 00:00 0 
7f307ab0a000-7f307ab14000 r--s 00116000 08:01 57410014                   /home/weapon/java/jdk1.8.0_112/jre/lib/ext/localedata.jar
7f307ab14000-7f307ab17000 ---p 00000000 00:00 0 
7f307ab17000-7f307ac15000 rw-p 00000000 00:00 0 
7f307ac15000-7f307ac18000 ---p 00000000 00:00 0 
7f307ac18000-7f307ad16000 rw-p 00000000 00:00 0 
7f307ad16000-7f307ad1b000 r--s 00098000 08:01 57409878                   /home/weapon/java/jdk1.8.0_112/jre/lib/jsse.jar
7f307ad1b000-7f307ad31000 r--s 000fc000 08:01 6031448                    /home/weapon/maven/maven-repository/org/springframework/spring-core/4.3.8.RELEASE/spring-core-4.3.8.RELEASE.jar
7f307ad31000-7f307ad36000 r--s 0003c000 08:01 6031314                    /home/weapon/maven/maven-repository/org/springframework/spring-expression/4.3.8.RELEASE/spring-expression-4.3.8.RELEASE.jar
7f307ad36000-7f307ad47000 r--s 000cf000 08:01 6031311                    /home/weapon/maven/maven-repository/org/springframework/spring-webmvc/4.3.8.RELEASE/spring-webmvc-4.3.8.RELEASE.jar
7f307ad47000-7f307ad61000 r--s 000fd000 08:01 6031286                    /home/weapon/maven/maven-repository/org/springframework/spring-context/4.3.8.RELEASE/spring-context-4.3.8.RELEASE.jar
7f307ad61000-7f307ad6f000 r--s 000ad000 08:01 6031284                    /home/weapon/maven/maven-repository/org/springframework/spring-beans/4.3.8.RELEASE/spring-beans-4.3.8.RELEASE.jar
7f307ad6f000-7f307ad78000 r--s 00054000 08:01 6031276                    /home/weapon/maven/maven-repository/org/springframework/spring-aop/4.3.8.RELEASE/spring-aop-4.3.8.RELEASE.jar
7f307ad78000-7f307ad89000 r--s 000b7000 08:01 6031242                    /home/weapon/maven/maven-repository/org/springframework/spring-web/4.3.8.RELEASE/spring-web-4.3.8.RELEASE.jar
7f307ad89000-7f307ad9b000 r--s 0011d000 08:01 6031226                    /home/weapon/maven/maven-repository/com/fasterxml/jackson/core/jackson-databind/2.8.8/jackson-databind-2.8.8.jar
7f307ad9b000-7f307ad9d000 r--s 0000e000 08:01 56363385                   /home/weapon/maven/maven-repository/com/fasterxml/classmate/1.3.3/classmate-1.3.3.jar
7f307ad9d000-7f307ada0000 r--s 0000e000 08:01 6031224                    /home/weapon/maven/maven-repository/org/jboss/logging/jboss-logging/3.3.1.Final/jboss-logging-3.3.1.Final.jar
7f307ada0000-7f307ada4000 r--s 0000c000 08:01 56623839                   /home/weapon/maven/maven-repository/javax/validation/validation-api/1.1.0.Final/validation-api-1.1.0.Final.jar
7f307ada4000-7f307adb5000 r--s 000a1000 08:01 6031221                    /home/weapon/maven/maven-repository/org/hibernate/hibernate-validator/5.3.5.Final/hibernate-validator-5.3.5.Final.jar
7f307adb5000-7f307adba000 r--s 00036000 08:01 6031433                    /home/weapon/maven/maven-repository/org/apache/tomcat/embed/tomcat-embed-websocket/8.5.14/tomcat-embed-websocket-8.5.14.jar
7f307adba000-7f307adbe000 r--s 00037000 08:01 6031430                    /home/weapon/maven/maven-repository/org/apache/tomcat/embed/tomcat-embed-el/8.5.14/tomcat-embed-el-8.5.14.jar
7f307adbe000-7f307ade7000 r--s 002bf000 08:01 6031408                    /home/weapon/maven/maven-repository/org/apache/tomcat/embed/tomcat-embed-core/8.5.14/tomcat-embed-core-8.5.14.jar
7f307ade7000-7f307ade8000 r--s 00000000 08:01 6031323                    /home/weapon/maven/maven-repository/org/springframework/boot/spring-boot-starter-tomcat/1.5.3.RELEASE/spring-boot-starter-tomcat-1.5.3.RELEASE.jar
7f307ade8000-7f307adee000 r--s 0003d000 08:01 57279862                   /home/weapon/maven/maven-repository/org/yaml/snakeyaml/1.17/snakeyaml-1.17.jar
7f307adee000-7f307adf0000 r--s 00004000 08:01 6031217                    /home/weapon/maven/maven-repository/org/slf4j/log4j-over-slf4j/1.7.25/log4j-over-slf4j-1.7.25.jar
7f307adf0000-7f307adf2000 r--s 00000000 08:01 6031203                    /home/weapon/maven/maven-repository/org/slf4j/jul-to-slf4j/1.7.25/jul-to-slf4j-1.7.25.jar
7f307adf2000-7f307adf4000 r--s 00003000 08:01 6031196                    /home/weapon/maven/maven-repository/org/slf4j/jcl-over-slf4j/1.7.25/jcl-over-slf4j-1.7.25.jar
7f307adf4000-7f307adff000 r--s 0006a000 08:01 56363383                   /home/weapon/maven/maven-repository/ch/qos/logback/logback-core/1.1.11/logback-core-1.1.11.jar
7f307adff000-7f307ae06000 r--s 00045000 08:01 56363381                   /home/weapon/maven/maven-repository/ch/qos/logback/logback-classic/1.1.11/logback-classic-1.1.11.jar
7f307ae06000-7f307ae07000 r--s 00000000 08:01 6031177                    /home/weapon/maven/maven-repository/org/springframework/boot/spring-boot-starter-logging/1.5.3.RELEASE/spring-boot-starter-logging-1.5.3.RELEASE.jar
7f307ae07000-7f307ae08000 r--s 00000000 08:01 6031135                    /home/weapon/maven/maven-repository/org/springframework/boot/spring-boot-starter/1.5.3.RELEASE/spring-boot-starter-1.5.3.RELEASE.jar
7f307ae08000-7f307ae09000 r--s 00000000 08:01 6031128                    /home/weapon/maven/maven-repository/org/springframework/boot/spring-boot-starter-web/1.5.3.RELEASE/spring-boot-starter-web-1.5.3.RELEASE.jar
7f307ae09000-7f307ae0b000 r--s 00005000 08:01 57280110                   /home/weapon/maven/maven-repository/xpp3/xpp3_min/1.1.4c/xpp3_min-1.1.4c.jar
7f307ae0b000-7f307ae0c000 r--s 00001000 08:01 57280087                   /home/weapon/maven/maven-repository/xmlpull/xmlpull/1.1.3.1/xmlpull-1.1.3.1.jar
7f307ae0c000-7f307ae1a000 r--s 00079000 08:01 56493496                   /home/weapon/maven/maven-repository/com/thoughtworks/xstream/xstream/1.4.9/xstream-1.4.9.jar
7f307ae1a000-7f307ae32000 r--s 000fd000 08:01 56623299                   /home/weapon/maven/maven-repository/io/reactivex/rxjava/1.1.10/rxjava-1.1.10.jar
7f307ae32000-7f307ae3f000 r--s 00083000 08:01 56493722                   /home/weapon/maven/maven-repository/commons-collections/commons-collections/3.2.2/commons-collections-3.2.2.jar
7f307ae3f000-7f307ae50000 r-xp 00000000 08:01 57409959                   /home/weapon/java/jdk1.8.0_112/jre/lib/amd64/libnio.so
7f307ae50000-7f307b04f000 ---p 00011000 08:01 57409959                   /home/weapon/java/jdk1.8.0_112/jre/lib/amd64/libnio.so
7f307b04f000-7f307b050000 rw-p 00010000 08:01 57409959                   /home/weapon/java/jdk1.8.0_112/jre/lib/amd64/libnio.so
7f307b050000-7f307b351000 rw-p 00000000 00:00 0 
7f307b351000-7f307b367000 r-xp 00000000 08:01 57409934                   /home/weapon/java/jdk1.8.0_112/jre/lib/amd64/libnet.so
7f307b367000-7f307b567000 ---p 00016000 08:01 57409934                   /home/weapon/java/jdk1.8.0_112/jre/lib/amd64/libnet.so
7f307b567000-7f307b568000 rw-p 00016000 08:01 57409934                   /home/weapon/java/jdk1.8.0_112/jre/lib/amd64/libnet.so
7f307b568000-7f307b571000 r-xp 00000000 08:01 57409970                   /home/weapon/java/jdk1.8.0_112/jre/lib/amd64/libmanagement.so
7f307b571000-7f307b770000 ---p 00009000 08:01 57409970                   /home/weapon/java/jdk1.8.0_112/jre/lib/amd64/libmanagement.so
7f307b770000-7f307b771000 rw-p 00008000 08:01 57409970                   /home/weapon/java/jdk1.8.0_112/jre/lib/amd64/libmanagement.so
7f307b771000-7f307b774000 ---p 00000000 00:00 0 
7f307b774000-7f307b872000 rw-p 00000000 00:00 0 
7f307b872000-7f307b875000 ---p 00000000 00:00 0 
7f307b875000-7f307b973000 rw-p 00000000 00:00 0 
7f307b973000-7f307b976000 ---p 00000000 00:00 0 
7f307b976000-7f307ba74000 rw-p 00000000 00:00 0 
7f307ba74000-7f307ba77000 ---p 00000000 00:00 0 
7f307ba77000-7f307bb75000 rw-p 00000000 00:00 0 
7f307bb75000-7f307c000000 r--p 00000000 08:01 27787453                   /usr/lib/locale/locale-archive
7f307c000000-7f307c021000 rw-p 00000000 00:00 0 
7f307c021000-7f3080000000 ---p 00000000 00:00 0 
7f3080000000-7f3080002000 r--s 00009000 08:01 3671083                    /home/weapon/maven/maven-repository/org/slf4j/slf4j-api/1.7.25/slf4j-api-1.7.25.jar
7f3080002000-7f3080004000 r--s 00003000 08:01 5112796                    /home/weapon/maven/maven-repository/com/netflix/ribbon/ribbon-eureka/2.2.2/ribbon-eureka-2.2.2.jar
7f3080004000-7f3080006000 r--s 00002000 08:01 56492915                   /home/weapon/maven/maven-repository/com/netflix/netflix-commons/netflix-statistics/0.1.1/netflix-statistics-0.1.1.jar
7f3080006000-7f308000a000 r--s 00024000 08:01 5112794                    /home/weapon/maven/maven-repository/com/netflix/ribbon/ribbon-loadbalancer/2.2.2/ribbon-loadbalancer-2.2.2.jar
7f308000a000-7f308000b000 r--s 00001000 08:01 56492888                   /home/weapon/maven/maven-repository/com/netflix/netflix-commons/netflix-commons-util/0.1.1/netflix-commons-util-0.1.1.jar
7f308000b000-7f308000d000 r--s 0000c000 08:01 5112792                    /home/weapon/maven/maven-repository/com/netflix/ribbon/ribbon-httpclient/2.2.2/ribbon-httpclient-2.2.2.jar
7f308000d000-7f3080011000 r--s 00011000 08:01 5112790                    /home/weapon/maven/maven-repository/com/netflix/ribbon/ribbon-core/2.2.2/ribbon-core-2.2.2.jar
7f3080011000-7f3080018000 r--s 00047000 08:01 56623259                   /home/weapon/maven/maven-repository/io/netty/netty-transport/4.0.27.Final/netty-transport-4.0.27.Final.jar
7f3080018000-7f308001a000 r--s 00027000 08:01 56623164                   /home/weapon/maven/maven-repository/io/netty/netty-buffer/4.0.27.Final/netty-buffer-4.0.27.Final.jar
7f308001a000-7f3080021000 r--s 00060000 08:01 56623203                   /home/weapon/maven/maven-repository/io/netty/netty-common/4.0.27.Final/netty-common-4.0.27.Final.jar
7f3080021000-7f3080023000 r--s 00016000 08:01 56623274                   /home/weapon/maven/maven-repository/io/netty/netty-transport-native-epoll/4.0.27.Final/netty-transport-native-epoll-4.0.27.Final.jar
7f3080023000-7f3080028000 r--s 00036000 08:01 56623218                   /home/weapon/maven/maven-repository/io/netty/netty-handler/4.0.27.Final/netty-handler-4.0.27.Final.jar
7f3080028000-7f308002c000 r--s 00020000 08:01 56623179                   /home/weapon/maven/maven-repository/io/netty/netty-codec/4.0.27.Final/netty-codec-4.0.27.Final.jar
7f308002c000-7f3080034000 r--s 00061000 08:01 56623194                   /home/weapon/maven/maven-repository/io/netty/netty-codec-http/4.0.27.Final/netty-codec-http-4.0.27.Final.jar
7f3080034000-7f308003e000 r--s 00059000 08:01 56623308                   /home/weapon/maven/maven-repository/io/reactivex/rxnetty/0.4.9/rxnetty-0.4.9.jar
7f308003e000-7f3080040000 r--s 0001a000 08:01 57016866                   /home/weapon/maven/maven-repository/org/hdrhistogram/HdrHistogram/2.1.9/HdrHistogram-2.1.9.jar
7f3080040000-7f308004c000 r--s 00067000 08:01 5112760                    /home/weapon/maven/maven-repository/com/netflix/hystrix/hystrix-core/1.5.10/hystrix-core-1.5.10.jar
7f308004c000-7f308004e000 r--s 00006000 08:01 56623326                   /home/weapon/maven/maven-repository/io/reactivex/rxnetty-servo/0.4.9/rxnetty-servo-0.4.9.jar
7f308004e000-7f3080051000 r--s 0000b000 08:01 56623317                   /home/weapon/maven/maven-repository/io/reactivex/rxnetty-contexts/0.4.9/rxnetty-contexts-0.4.9.jar
7f3080051000-7f3080052000 r--s 00009000 08:01 5112788                    /home/weapon/maven/maven-repository/com/netflix/ribbon/ribbon-transport/2.2.2/ribbon-transport-2.2.2.jar
7f3080052000-7f3080056000 r--s 00012000 08:01 5112786                    /home/weapon/maven/maven-repository/com/netflix/ribbon/ribbon/2.2.2/ribbon-2.2.2.jar
7f3080056000-7f3080057000 r--s 00000000 08:01 5112784                    /home/weapon/maven/maven-repository/org/springframework/cloud/spring-cloud-starter-ribbon/1.3.0.RELEASE/spring-cloud-starter-ribbon-1.3.0.RELEASE.jar
7f3080057000-7f3080082000 r--s 001fc000 08:01 56492447                   /home/weapon/maven/maven-repository/com/google/guava/guava/18.0/guava-18.0.jar
7f3080082000-7f3080087000 r--s 00041000 08:01 56493920                   /home/weapon/maven/maven-repository/commons-lang/commons-lang/2.6/commons-lang-2.6.jar
7f3080087000-7f308008e000 r--s 00050000 08:01 4850579                    /home/weapon/maven/maven-repository/commons-configuration/commons-configuration/1.8/commons-configuration-1.8.jar
7f308008e000-7f3080092000 r--s 00024000 08:01 56887218                   /home/weapon/maven/maven-repository/org/codehaus/woodstox/stax2-api/3.1.4/stax2-api-3.1.4.jar
7f3080092000-7f3080094000 r--s 00004000 08:01 56623875                   /home/weapon/maven/maven-repository/javax/xml/stream/stax-api/1.0-2/stax-api-1.0-2.jar
7f3080094000-7f308009a000 r--s 00071000 08:01 56887241                   /home/weapon/maven/maven-repository/org/codehaus/woodstox/woodstox-core-asl/4.4.1/woodstox-core-asl-4.4.1.jar
7f308009a000-7f308009f000 r--s 00039000 08:01 5112780                    /home/weapon/maven/maven-repository/com/netflix/eureka/eureka-core/1.6.2/eureka-core-1.6.2.jar
7f308009f000-7f30800a2000 r--s 00042000 08:01 6031228                    /home/weapon/maven/maven-repository/com/fasterxml/jackson/core/jackson-core/2.8.8/jackson-core-2.8.8.jar
7f30800a2000-7f30800a5000 r--s 0000b000 08:01 56362386                   /home/weapon/maven/maven-repository/com/fasterxml/jackson/core/jackson-annotations/2.8.0/jackson-annotations-2.8.0.jar
7f30800a5000-7f30800a7000 r--s 00000000 08:01 56361656                   /home/weapon/maven/maven-repository/aopalliance/aopalliance/1.0/aopalliance-1.0.jar
7f30800a7000-7f30800b5000 r--s 00097000 08:01 5112778                    /home/weapon/maven/maven-repository/com/google/inject/guice/4.1.0/guice-4.1.0.jar
7f30800b5000-7f30800bc000 r--s 0003f000 08:01 56493637                   /home/weapon/maven/maven-repository/commons-codec/commons-codec/1.10/commons-codec-1.10.jar
7f30800bc000-7f30800c4000 r--s 00048000 08:01 56757004                   /home/weapon/maven/maven-repository/org/apache/httpcomponents/httpcore/4.4.6/httpcore-4.4.6.jar
7f30800c4000-7f30800d1000 r--s 000aa000 08:01 56757002                   /home/weapon/maven/maven-repository/org/apache/httpcomponents/httpclient/4.5.3/httpclient-4.5.3.jar
7f30800d1000-7f30800d4000 r--s 0001e000 08:01 56493302                   /home/weapon/maven/maven-repository/com/sun/jersey/jersey-client/1.19.1/jersey-client-1.19.1.jar
7f30800d4000-7f30800de000 r--s 00061000 08:01 56493317                   /home/weapon/maven/maven-repository/com/sun/jersey/jersey-core/1.19.1/jersey-core-1.19.1.jar
7f30800de000-7f30800e1000 ---p 00000000 00:00 0 
7f30800e1000-7f30801df000 rw-p 00000000 00:00 0 
7f30801df000-7f30801e2000 ---p 00000000 00:00 0 
7f30801e2000-7f3088000000 rw-p 00000000 00:00 0 
7f3088000000-7f3088021000 rw-p 00000000 00:00 0 
7f3088021000-7f308c000000 ---p 00000000 00:00 0 
7f308c000000-7f308c021000 rw-p 00000000 00:00 0 
7f308c021000-7f3090000000 ---p 00000000 00:00 0 
7f3090000000-7f3090021000 rw-p 00000000 00:00 0 
7f3090021000-7f3094000000 ---p 00000000 00:00 0 
7f3094000000-7f3094021000 rw-p 00000000 00:00 0 
7f3094021000-7f3098000000 ---p 00000000 00:00 0 
7f3098000000-7f3098021000 rw-p 00000000 00:00 0 
7f3098021000-7f309c000000 ---p 00000000 00:00 0 
7f309c000000-7f309c021000 rw-p 00000000 00:00 0 
7f309c021000-7f30a0000000 ---p 00000000 00:00 0 
7f30a0000000-7f30a0021000 rw-p 00000000 00:00 0 
7f30a0021000-7f30a4000000 ---p 00000000 00:00 0 
7f30a4000000-7f30a4021000 rw-p 00000000 00:00 0 
7f30a4021000-7f30a8000000 ---p 00000000 00:00 0 
7f30a8000000-7f30a8021000 rw-p 00000000 00:00 0 
7f30a8021000-7f30ac000000 ---p 00000000 00:00 0 
7f30ac000000-7f30ac002000 r--s 00003000 08:01 56493277                   /home/weapon/maven/maven-repository/com/sun/jersey/contribs/jersey-apache-client4/1.19.1/jersey-apache-client4-1.19.1.jar
7f30ac002000-7f30ac006000 r--s 00027000 08:01 56492989                   /home/weapon/maven/maven-repository/com/netflix/servo/servo-internal/0.10.1/servo-internal-0.10.1.jar
7f30ac006000-7f30ac00b000 r--s 00032000 08:01 56492980                   /home/weapon/maven/maven-repository/com/netflix/servo/servo-core/0.10.1/servo-core-0.10.1.jar
7f30ac00b000-7f30ac00d000 r--s 0000a000 08:01 56623850                   /home/weapon/maven/maven-repository/javax/ws/rs/jsr311-api/1.1.1/jsr311-api-1.1.1.jar
7f30ac00d000-7f30ac011000 r--s 0001e000 08:01 56492821                   /home/weapon/maven/maven-repository/com/netflix/archaius/archaius-core/0.7.4/archaius-core-0.7.4.jar
7f30ac011000-7f30ac024000 r--s 000df000 08:01 56624986                   /home/weapon/maven/maven-repository/org/apache/commons/commons-math/2.2/commons-math-2.2.jar
7f30ac024000-7f30ac029000 r--s 00034000 08:01 56492373                   /home/weapon/maven/maven-repository/com/google/code/gson/gson/2.8.0/gson-2.8.0.jar
7f30ac029000-7f30ac02e000 r--s 00068000 08:01 56361646                   /home/weapon/maven/maven-repository/antlr/antlr/2.7.7/antlr-2.7.7.jar
7f30ac02e000-7f30ac032000 r--s 00025000 08:01 56624647                   /home/weapon/maven/maven-repository/org/antlr/antlr-runtime/3.4/antlr-runtime-3.4.jar
7f30ac032000-7f30ac043000 r--s 0008a000 08:01 6557994                    /home/weapon/maven/maven-repository/joda-time/joda-time/2.9.9/joda-time-2.9.9.jar
7f30ac043000-7f30ac049000 r--s 00044000 08:01 56493884                   /home/weapon/maven/maven-repository/commons-jxpath/commons-jxpath/1.3/commons-jxpath-1.3.jar
7f30ac049000-7f30ac052000 r--s 0005b000 08:01 5112776                    /home/weapon/maven/maven-repository/com/netflix/eureka/eureka-client/1.6.2/eureka-client-1.6.2.jar
7f30ac052000-7f30ac072000 r--s 000e4000 08:01 6031171                    /home/weapon/maven/maven-repository/org/springframework/boot/spring-boot-autoconfigure/1.5.3.RELEASE/spring-boot-autoconfigure-1.5.3.RELEASE.jar
7f30ac072000-7f30ac082000 r--s 00094000 08:01 6031166                    /home/weapon/maven/maven-repository/org/springframework/boot/spring-boot/1.5.3.RELEASE/spring-boot-1.5.3.RELEASE.jar
7f30ac082000-7f30ac08c000 r--s 00055000 08:01 5112762                    /home/weapon/maven/maven-repository/org/springframework/cloud/spring-cloud-netflix-core/1.3.0.RELEASE/spring-cloud-netflix-core-1.3.0.RELEASE.jar
7f30ac08c000-7f30ac0d6000 r--s 002f4000 08:01 5245041                    /home/weapon/maven/maven-repository/org/bouncycastle/bcprov-jdk15on/1.55/bcprov-jdk15on-1.55.jar
7f30ac0d6000-7f30ac0d9000 ---p 00000000 00:00 0 
7f30ac0d9000-7f30ac1d7000 rw-p 00000000 00:00 0 
7f30ac1d7000-7f30ac1da000 ---p 00000000 00:00 0 
7f30ac1da000-7f30ac2d8000 rw-p 00000000 00:00 0 
7f30ac2d8000-7f30ac2d9000 ---p 00000000 00:00 0 
7f30ac2d9000-7f30ae04b000 rw-p 00000000 00:00 0 
7f30ae04b000-7f30ae224000 r--s 03d2c000 08:01 57409926                   /home/weapon/java/jdk1.8.0_112/jre/lib/rt.jar
7f30ae224000-7f30af1f6000 rw-p 00000000 00:00 0 
7f30af1f6000-7f30af1f7000 ---p 00000000 00:00 0 
7f30af1f7000-7f30af2f7000 rw-p 00000000 00:00 0 
7f30af2f7000-7f30af2f8000 ---p 00000000 00:00 0 
7f30af2f8000-7f30af3f8000 rw-p 00000000 00:00 0 
7f30af3f8000-7f30af3f9000 ---p 00000000 00:00 0 
7f30af3f9000-7f30af4f9000 rw-p 00000000 00:00 0 
7f30af4f9000-7f30af4fa000 ---p 00000000 00:00 0 
7f30af4fa000-7f30af5fa000 rw-p 00000000 00:00 0 
7f30af5fa000-7f30af5fb000 ---p 00000000 00:00 0 
7f30af5fb000-7f30af6fb000 rw-p 00000000 00:00 0 
7f30af6fb000-7f30af6fc000 ---p 00000000 00:00 0 
7f30af6fc000-7f30af7fc000 rw-p 00000000 00:00 0 
7f30af7fc000-7f30af7fd000 ---p 00000000 00:00 0 
7f30af7fd000-7f30af92d000 rw-p 00000000 00:00 0 
7f30af92d000-7f30afe34000 ---p 00000000 00:00 0 
7f30afe34000-7f30afe64000 rw-p 00000000 00:00 0 
7f30afe64000-7f30b036a000 ---p 00000000 00:00 0 
7f30b036a000-7f30b03f2000 rw-p 00000000 00:00 0 
7f30b03f2000-7f30b0606000 ---p 00000000 00:00 0 
7f30b0606000-7f30b0637000 rw-p 00000000 00:00 0 
7f30b0637000-7f30b09c7000 ---p 00000000 00:00 0 
7f30b09c7000-7f30b15b7000 rwxp 00000000 00:00 0 
7f30b15b7000-7f30bf9c7000 ---p 00000000 00:00 0 
7f30bf9c7000-7f30bf9e1000 r-xp 00000000 08:01 57409957                   /home/weapon/java/jdk1.8.0_112/jre/lib/amd64/libzip.so
7f30bf9e1000-7f30bfbe1000 ---p 0001a000 08:01 57409957                   /home/weapon/java/jdk1.8.0_112/jre/lib/amd64/libzip.so
7f30bfbe1000-7f30bfbe2000 rw-p 0001a000 08:01 57409957                   /home/weapon/java/jdk1.8.0_112/jre/lib/amd64/libzip.so
7f30bfbe2000-7f30bfbed000 r-xp 00000000 08:01 55709899                   /lib/x86_64-linux-gnu/libnss_files-2.23.so
7f30bfbed000-7f30bfdec000 ---p 0000b000 08:01 55709899                   /lib/x86_64-linux-gnu/libnss_files-2.23.so
7f30bfdec000-7f30bfded000 r--p 0000a000 08:01 55709899                   /lib/x86_64-linux-gnu/libnss_files-2.23.so
7f30bfded000-7f30bfdee000 rw-p 0000b000 08:01 55709899                   /lib/x86_64-linux-gnu/libnss_files-2.23.so
7f30bfdee000-7f30bfdf4000 rw-p 00000000 00:00 0 
7f30bfdf4000-7f30bfdff000 r-xp 00000000 08:01 55709892                   /lib/x86_64-linux-gnu/libnss_nis-2.23.so
7f30bfdff000-7f30bfffe000 ---p 0000b000 08:01 55709892                   /lib/x86_64-linux-gnu/libnss_nis-2.23.so
7f30bfffe000-7f30bffff000 r--p 0000a000 08:01 55709892                   /lib/x86_64-linux-gnu/libnss_nis-2.23.so
7f30bffff000-7f30c0000000 rw-p 0000b000 08:01 55709892                   /lib/x86_64-linux-gnu/libnss_nis-2.23.so
7f30c0000000-7f30c0e49000 rw-p 00000000 00:00 0 
7f30c0e49000-7f30c4000000 ---p 00000000 00:00 0 
7f30c4000000-7f30c4003000 r--s 00022000 08:01 56624675                   /home/weapon/maven/maven-repository/org/antlr/stringtemplate/3.2.1/stringtemplate-3.2.1.jar
7f30c4003000-7f30c4014000 r--s 00096000 08:01 5245039                    /home/weapon/maven/maven-repository/org/bouncycastle/bcpkix-jdk15on/1.55/bcpkix-jdk15on-1.55.jar
7f30c4014000-7f30c40ab000 rw-p 00000000 00:00 0 
7f30c40ab000-7f30c40ac000 ---p 00000000 00:00 0 
7f30c40ac000-7f30c41ac000 rw-p 00000000 00:00 0 
7f30c41ac000-7f30c41c2000 r-xp 00000000 08:01 55709894                   /lib/x86_64-linux-gnu/libnsl-2.23.so
7f30c41c2000-7f30c43c1000 ---p 00016000 08:01 55709894                   /lib/x86_64-linux-gnu/libnsl-2.23.so
7f30c43c1000-7f30c43c2000 r--p 00015000 08:01 55709894                   /lib/x86_64-linux-gnu/libnsl-2.23.so
7f30c43c2000-7f30c43c3000 rw-p 00016000 08:01 55709894                   /lib/x86_64-linux-gnu/libnsl-2.23.so
7f30c43c3000-7f30c43c5000 rw-p 00000000 00:00 0 
7f30c43c5000-7f30c43cd000 r-xp 00000000 08:01 55709901                   /lib/x86_64-linux-gnu/libnss_compat-2.23.so
7f30c43cd000-7f30c45cc000 ---p 00008000 08:01 55709901                   /lib/x86_64-linux-gnu/libnss_compat-2.23.so
7f30c45cc000-7f30c45cd000 r--p 00007000 08:01 55709901                   /lib/x86_64-linux-gnu/libnss_compat-2.23.so
7f30c45cd000-7f30c45ce000 rw-p 00008000 08:01 55709901                   /lib/x86_64-linux-gnu/libnss_compat-2.23.so
7f30c45ce000-7f30c45f9000 r-xp 00000000 08:01 57409984                   /home/weapon/java/jdk1.8.0_112/jre/lib/amd64/libjava.so
7f30c45f9000-7f30c47f8000 ---p 0002b000 08:01 57409984                   /home/weapon/java/jdk1.8.0_112/jre/lib/amd64/libjava.so
7f30c47f8000-7f30c47fa000 rw-p 0002a000 08:01 57409984                   /home/weapon/java/jdk1.8.0_112/jre/lib/amd64/libjava.so
7f30c47fa000-7f30c4807000 r-xp 00000000 08:01 57409935                   /home/weapon/java/jdk1.8.0_112/jre/lib/amd64/libverify.so
7f30c4807000-7f30c4a06000 ---p 0000d000 08:01 57409935                   /home/weapon/java/jdk1.8.0_112/jre/lib/amd64/libverify.so
7f30c4a06000-7f30c4a08000 rw-p 0000c000 08:01 57409935                   /home/weapon/java/jdk1.8.0_112/jre/lib/amd64/libverify.so
7f30c4a08000-7f30c4a0f000 r-xp 00000000 08:01 55709902                   /lib/x86_64-linux-gnu/librt-2.23.so
7f30c4a0f000-7f30c4c0e000 ---p 00007000 08:01 55709902                   /lib/x86_64-linux-gnu/librt-2.23.so
7f30c4c0e000-7f30c4c0f000 r--p 00006000 08:01 55709902                   /lib/x86_64-linux-gnu/librt-2.23.so
7f30c4c0f000-7f30c4c10000 rw-p 00007000 08:01 55709902                   /lib/x86_64-linux-gnu/librt-2.23.so
7f30c4c10000-7f30c4d18000 r-xp 00000000 08:01 55709893                   /lib/x86_64-linux-gnu/libm-2.23.so
7f30c4d18000-7f30c4f17000 ---p 00108000 08:01 55709893                   /lib/x86_64-linux-gnu/libm-2.23.so
7f30c4f17000-7f30c4f18000 r--p 00107000 08:01 55709893                   /lib/x86_64-linux-gnu/libm-2.23.so
7f30c4f18000-7f30c4f19000 rw-p 00108000 08:01 55709893                   /lib/x86_64-linux-gnu/libm-2.23.so
7f30c4f19000-7f30c5be7000 r-xp 00000000 08:01 57409988                   /home/weapon/java/jdk1.8.0_112/jre/lib/amd64/server/libjvm.so
7f30c5be7000-7f30c5de7000 ---p 00cce000 08:01 57409988                   /home/weapon/java/jdk1.8.0_112/jre/lib/amd64/server/libjvm.so
7f30c5de7000-7f30c5ec0000 rw-p 00cce000 08:01 57409988                   /home/weapon/java/jdk1.8.0_112/jre/lib/amd64/server/libjvm.so
7f30c5ec0000-7f30c5f0b000 rw-p 00000000 00:00 0 
7f30c5f0b000-7f30c60ca000 r-xp 00000000 08:01 55709895                   /lib/x86_64-linux-gnu/libc-2.23.so
7f30c60ca000-7f30c62ca000 ---p 001bf000 08:01 55709895                   /lib/x86_64-linux-gnu/libc-2.23.so
7f30c62ca000-7f30c62ce000 r--p 001bf000 08:01 55709895                   /lib/x86_64-linux-gnu/libc-2.23.so
7f30c62ce000-7f30c62d0000 rw-p 001c3000 08:01 55709895                   /lib/x86_64-linux-gnu/libc-2.23.so
7f30c62d0000-7f30c62d4000 rw-p 00000000 00:00 0 
7f30c62d4000-7f30c62d7000 r-xp 00000000 08:01 55709891                   /lib/x86_64-linux-gnu/libdl-2.23.so
7f30c62d7000-7f30c64d6000 ---p 00003000 08:01 55709891                   /lib/x86_64-linux-gnu/libdl-2.23.so
7f30c64d6000-7f30c64d7000 r--p 00002000 08:01 55709891                   /lib/x86_64-linux-gnu/libdl-2.23.so
7f30c64d7000-7f30c64d8000 rw-p 00003000 08:01 55709891                   /lib/x86_64-linux-gnu/libdl-2.23.so
7f30c64d8000-7f30c64ed000 r-xp 00000000 08:01 57282266                   /home/weapon/java/jdk1.8.0_112/lib/amd64/jli/libjli.so
7f30c64ed000-7f30c66ed000 ---p 00015000 08:01 57282266                   /home/weapon/java/jdk1.8.0_112/lib/amd64/jli/libjli.so
7f30c66ed000-7f30c66ee000 rw-p 00015000 08:01 57282266                   /home/weapon/java/jdk1.8.0_112/lib/amd64/jli/libjli.so
7f30c66ee000-7f30c6706000 r-xp 00000000 08:01 55709906                   /lib/x86_64-linux-gnu/libpthread-2.23.so
7f30c6706000-7f30c6905000 ---p 00018000 08:01 55709906                   /lib/x86_64-linux-gnu/libpthread-2.23.so
7f30c6905000-7f30c6906000 r--p 00017000 08:01 55709906                   /lib/x86_64-linux-gnu/libpthread-2.23.so
7f30c6906000-7f30c6907000 rw-p 00018000 08:01 55709906                   /lib/x86_64-linux-gnu/libpthread-2.23.so
7f30c6907000-7f30c690b000 rw-p 00000000 00:00 0 
7f30c690b000-7f30c6931000 r-xp 00000000 08:01 55709896                   /lib/x86_64-linux-gnu/ld-2.23.so
7f30c6931000-7f30c6932000 r--s 00000000 08:01 5112782                    /home/weapon/maven/maven-repository/org/springframework/cloud/spring-cloud-starter-archaius/1.3.0.RELEASE/spring-cloud-starter-archaius-1.3.0.RELEASE.jar
7f30c6932000-7f30c6935000 r--s 00016000 08:01 56492906                   /home/weapon/maven/maven-repository/com/netflix/netflix-commons/netflix-infix/0.3.0/netflix-infix-0.3.0.jar
7f30c6935000-7f30c6937000 r--s 0000f000 08:01 56492897                   /home/weapon/maven/maven-repository/com/netflix/netflix-commons/netflix-eventbus/0.3.0/netflix-eventbus-0.3.0.jar
7f30c6937000-7f30c6939000 r--s 00005000 08:01 57279953                   /home/weapon/maven/maven-repository/stax/stax-api/1.0.1/stax-api-1.0.1.jar
7f30c6939000-7f30c6a0b000 rw-p 00000000 00:00 0 
7f30c6a0b000-7f30c6a0e000 ---p 00000000 00:00 0 
7f30c6a0e000-7f30c6b10000 rw-p 00000000 00:00 0 
7f30c6b10000-7f30c6b11000 r--s 00000000 08:01 56623660                   /home/weapon/maven/maven-repository/javax/inject/javax.inject/1/javax.inject-1.jar
7f30c6b11000-7f30c6b14000 r--s 00012000 08:01 4850547                    /home/weapon/maven/maven-repository/org/codehaus/jettison/jettison/1.3.7/jettison-1.3.7.jar
7f30c6b14000-7f30c6b17000 r--s 00011000 08:01 5112774                    /home/weapon/maven/maven-repository/org/springframework/cloud/spring-cloud-netflix-eureka-client/1.3.0.RELEASE/spring-cloud-netflix-eureka-client-1.3.0.RELEASE.jar
7f30c6b17000-7f30c6b18000 r--s 00004000 08:01 57149039                   /home/weapon/maven/maven-repository/org/springframework/security/spring-security-rsa/1.0.3.RELEASE/spring-security-rsa-1.0.3.RELEASE.jar
7f30c6b18000-7f30c6b1d000 r--s 00016000 08:01 5112766                    /home/weapon/maven/maven-repository/org/springframework/cloud/spring-cloud-commons/1.2.0.RELEASE/spring-cloud-commons-1.2.0.RELEASE.jar
7f30c6b1d000-7f30c6b1f000 r--s 0000c000 08:01 5245075                    /home/weapon/maven/maven-repository/org/springframework/security/spring-security-crypto/4.2.2.RELEASE/spring-security-crypto-4.2.2.RELEASE.jar
7f30c6b1f000-7f30c6b22000 r--s 00015000 08:01 5112764                    /home/weapon/maven/maven-repository/org/springframework/cloud/spring-cloud-context/1.2.0.RELEASE/spring-cloud-context-1.2.0.RELEASE.jar
7f30c6b22000-7f30c6b23000 r--s 00000000 08:01 5112770                    /home/weapon/maven/maven-repository/org/springframework/cloud/spring-cloud-starter/1.2.0.RELEASE/spring-cloud-starter-1.2.0.RELEASE.jar
7f30c6b23000-7f30c6b24000 r--s 00000000 08:01 5112772                    /home/weapon/maven/maven-repository/org/springframework/cloud/spring-cloud-starter-eureka/1.3.0.RELEASE/spring-cloud-starter-eureka-1.3.0.RELEASE.jar
7f30c6b24000-7f30c6b2c000 rw-s 00000000 08:01 23069411                   /tmp/hsperfdata_weapon/27510
7f30c6b2c000-7f30c6b2d000 rw-p 00000000 00:00 0 
7f30c6b2d000-7f30c6b2e000 r--p 00000000 00:00 0 
7f30c6b2e000-7f30c6b30000 rw-p 00000000 00:00 0 
7f30c6b30000-7f30c6b31000 r--p 00025000 08:01 55709896                   /lib/x86_64-linux-gnu/ld-2.23.so
7f30c6b31000-7f30c6b32000 rw-p 00026000 08:01 55709896                   /lib/x86_64-linux-gnu/ld-2.23.so
7f30c6b32000-7f30c6b33000 rw-p 00000000 00:00 0 
7ffd16401000-7ffd16425000 rw-p 00000000 00:00 0                          [stack]
7ffd1656c000-7ffd1656e000 r--p 00000000 00:00 0                          [vvar]
7ffd1656e000-7ffd16570000 r-xp 00000000 00:00 0                          [vdso]
ffffffffff600000-ffffffffff601000 r-xp 00000000 00:00 0                  [vsyscall]

VM Arguments:
jvm_args: -Dcom.sun.management.jmxremote -Dcom.sun.management.jmxremote.port=39179 -Dcom.sun.management.jmxremote.authenticate=false -Dcom.sun.management.jmxremote.ssl=false -Djava.rmi.server.hostname=localhost -Dspring.liveBeansView.mbeanDomain -Dspring.application.admin.enabled=true -Djava.security.egd=file:/dev/./urandom -Dfile.encoding=UTF-8 
java_command: com.cloud.client.ClientApplication --spring.output.ansi.enabled=always
java_class_path (initial): /home/weapon/sts-bundle/notes/spring-cloud-notes/springcloud-client/target/classes:/home/weapon/maven/maven-repository/org/springframework/cloud/spring-cloud-starter-eureka/1.3.0.RELEASE/spring-cloud-starter-eureka-1.3.0.RELEASE.jar:/home/weapon/maven/maven-repository/org/springframework/cloud/spring-cloud-starter/1.2.0.RELEASE/spring-cloud-starter-1.2.0.RELEASE.jar:/home/weapon/maven/maven-repository/org/springframework/cloud/spring-cloud-context/1.2.0.RELEASE/spring-cloud-context-1.2.0.RELEASE.jar:/home/weapon/maven/maven-repository/org/springframework/security/spring-security-crypto/4.2.2.RELEASE/spring-security-crypto-4.2.2.RELEASE.jar:/home/weapon/maven/maven-repository/org/springframework/cloud/spring-cloud-commons/1.2.0.RELEASE/spring-cloud-commons-1.2.0.RELEASE.jar:/home/weapon/maven/maven-repository/org/springframework/security/spring-security-rsa/1.0.3.RELEASE/spring-security-rsa-1.0.3.RELEASE.jar:/home/weapon/maven/maven-repository/org/bouncycastle/bcpkix-jdk15on/1.55/bcpkix-jdk15on-1.55.jar:/home/weapon/maven/maven-repository/org/bouncycastle/bcprov-jdk15on/1.55/bcprov-jdk15on-1.55.jar:/home/weapon/maven/maven-repository/org/springframework/cloud/spring-cloud-netflix-core/1.3.0.RELEASE/spring-cloud-netflix-core-1.3.0.RELEASE.jar:/home/weapon/maven/maven-repository/org/springframework/boot/spring-boot/1.5.3.RELEASE/spring-boot-1.5.3.RELEASE.jar:/home/weapon/maven/maven-repository/org/springframework/boot/spring-boot-autoconfigure/1.5.3.RELEASE/spring-boot-autoconfigure-1.5.3.RELEASE.jar:/home/weapon/maven/maven-repository/org/springframework/cloud/spring-cloud-netflix-eureka-client/1.3.0.RELEASE/spring-cloud-netflix-eureka-client-1.3.0.RELEASE.jar:/home/weapon/maven/maven-repository/com/netflix/eureka/eureka-client/1.6.2/eureka-client-1.6.2.jar:/home/weapon/maven/maven-repository/org/codehaus/jettison/jettison/1.3.7/jettison-1.3.7.jar:/home/weapon/maven/maven-repository/stax/stax-api/1.0.1/stax-api-1.0.1.jar:/home/weapon/maven
Launcher Type: SUN_STANDARD

Environment Variables:
PATH=/home/weapon/.local/share/umake/bin:/home/weapon/bin:/home/weapon/.local/bin:/usr/local/sbin:/usr/local/bin:/usr/sbin:/usr/bin:/sbin:/bin:/usr/games:/usr/local/games:/snap/bin:/home/weapon/leanote/go/bin:/home/weapon/leanote/gopackage/bin
SHELL=/bin/bash
DISPLAY=:0

Signal Handlers:
SIGSEGV: [libjvm.so+0xac7800], sa_mask[0]=11111111011111111101111111111110, sa_flags=SA_RESTART|SA_SIGINFO
SIGBUS: [libjvm.so+0xac7800], sa_mask[0]=11111111011111111101111111111110, sa_flags=SA_RESTART|SA_SIGINFO
SIGFPE: [libjvm.so+0x920990], sa_mask[0]=11111111011111111101111111111110, sa_flags=SA_RESTART|SA_SIGINFO
SIGPIPE: [libjvm.so+0x920990], sa_mask[0]=11111111011111111101111111111110, sa_flags=SA_RESTART|SA_SIGINFO
SIGXFSZ: [libjvm.so+0x920990], sa_mask[0]=11111111011111111101111111111110, sa_flags=SA_RESTART|SA_SIGINFO
SIGILL: [libjvm.so+0x920990], sa_mask[0]=11111111011111111101111111111110, sa_flags=SA_RESTART|SA_SIGINFO
SIGUSR1: SIG_DFL, sa_mask[0]=00000000000000000000000000000000, sa_flags=none
SIGUSR2: [libjvm.so+0x9221d0], sa_mask[0]=00100000000000000000000000000000, sa_flags=SA_RESTART|SA_SIGINFO
SIGHUP: [libjvm.so+0x9235d0], sa_mask[0]=11111111011111111101111111111110, sa_flags=SA_RESTART|SA_SIGINFO
SIGINT: [libjvm.so+0x9235d0], sa_mask[0]=11111111011111111101111111111110, sa_flags=SA_RESTART|SA_SIGINFO
SIGTERM: [libjvm.so+0x9235d0], sa_mask[0]=11111111011111111101111111111110, sa_flags=SA_RESTART|SA_SIGINFO
SIGQUIT: [libjvm.so+0x9235d0], sa_mask[0]=11111111011111111101111111111110, sa_flags=SA_RESTART|SA_SIGINFO


---------------  S Y S T E M  ---------------

OS:DISTRIB_ID=Ubuntu
DISTRIB_RELEASE=16.04
DISTRIB_CODENAME=xenial
DISTRIB_DESCRIPTION="Ubuntu 16.04.2 LTS"

uname:Linux 4.4.0-75-generic #96-Ubuntu SMP Thu Apr 20 09:56:33 UTC 2017 x86_64
libc:glibc 2.23 NPTL 2.23 
rlimit: STACK 8192k, CORE 0k, NPROC 63876, NOFILE 65536, AS infinity
load average:1.20 0.83 0.61

/proc/meminfo:
MemTotal:       16392692 kB
MemFree:         1300984 kB
MemAvailable:    7494320 kB
Buffers:          500760 kB
Cached:          5653952 kB
SwapCached:            0 kB
Active:         12690484 kB
Inactive:        1709652 kB
Active(anon):    8246632 kB
Inactive(anon):    73616 kB
Active(file):    4443852 kB
Inactive(file):  1636036 kB
Unevictable:          48 kB
Mlocked:              48 kB
SwapTotal:      16736252 kB
SwapFree:       16736252 kB
Dirty:               728 kB
Writeback:             0 kB
AnonPages:       8251900 kB
Mapped:           653024 kB
Shmem:             74828 kB
Slab:             505120 kB
SReclaimable:     449672 kB
SUnreclaim:        55448 kB
KernelStack:       17104 kB
PageTables:        65132 kB
NFS_Unstable:          0 kB
Bounce:                0 kB
WritebackTmp:          0 kB
CommitLimit:    24932596 kB
Committed_AS:   13823192 kB
VmallocTotal:   34359738367 kB
VmallocUsed:           0 kB
VmallocChunk:          0 kB
HardwareCorrupted:     0 kB
AnonHugePages:   5359616 kB
CmaTotal:              0 kB
CmaFree:               0 kB
HugePages_Total:       0
HugePages_Free:        0
HugePages_Rsvd:        0
HugePages_Surp:        0
Hugepagesize:       2048 kB
DirectMap4k:      130620 kB
DirectMap2M:    16607232 kB


CPU:total 8 (4 cores per cpu, 2 threads per core) family 6 model 58 stepping 9, cmov, cx8, fxsr, mmx, sse, sse2, sse3, ssse3, sse4.1, sse4.2, popcnt, avx, aes, clmul, erms, ht, tsc, tscinvbit, tscinv

/proc/cpuinfo:
processor	: 0
vendor_id	: GenuineIntel
cpu family	: 6
model		: 58
model name	: Intel(R) Xeon(R) CPU E3-1230 V2 @ 3.30GHz
stepping	: 9
microcode	: 0x1c
cpu MHz		: 3505.992
cache size	: 8192 KB
physical id	: 0
siblings	: 8
core id		: 0
cpu cores	: 4
apicid		: 0
initial apicid	: 0
fpu		: yes
fpu_exception	: yes
cpuid level	: 13
wp		: yes
flags		: fpu vme de pse tsc msr pae mce cx8 apic sep mtrr pge mca cmov pat pse36 clflush dts acpi mmx fxsr sse sse2 ss ht tm pbe syscall nx rdtscp lm constant_tsc arch_perfmon pebs bts rep_good nopl xtopology nonstop_tsc aperfmperf eagerfpu pni pclmulqdq dtes64 monitor ds_cpl vmx smx est tm2 ssse3 cx16 xtpr pdcm pcid sse4_1 sse4_2 x2apic popcnt tsc_deadline_timer aes xsave avx f16c rdrand lahf_lm epb tpr_shadow vnmi flexpriority ept vpid fsgsbase smep erms xsaveopt dtherm ida arat pln pts
bugs		:
bogomips	: 6585.17
clflush size	: 64
cache_alignment	: 64
address sizes	: 36 bits physical, 48 bits virtual
power management:

processor	: 1
vendor_id	: GenuineIntel
cpu family	: 6
model		: 58
model name	: Intel(R) Xeon(R) CPU E3-1230 V2 @ 3.30GHz
stepping	: 9
microcode	: 0x1c
cpu MHz		: 3499.933
cache size	: 8192 KB
physical id	: 0
siblings	: 8
core id		: 1
cpu cores	: 4
apicid		: 2
initial apicid	: 2
fpu		: yes
fpu_exception	: yes
cpuid level	: 13
wp		: yes
flags		: fpu vme de pse tsc msr pae mce cx8 apic sep mtrr pge mca cmov pat pse36 clflush dts acpi mmx fxsr sse sse2 ss ht tm pbe syscall nx rdtscp lm constant_tsc arch_perfmon pebs bts rep_good nopl xtopology nonstop_tsc aperfmperf eagerfpu pni pclmulqdq dtes64 monitor ds_cpl vmx smx est tm2 ssse3 cx16 xtpr pdcm pcid sse4_1 sse4_2 x2apic popcnt tsc_deadline_timer aes xsave avx f16c rdrand lahf_lm epb tpr_shadow vnmi flexpriority ept vpid fsgsbase smep erms xsaveopt dtherm ida arat pln pts
bugs		:
bogomips	: 6585.17
clflush size	: 64
cache_alignment	: 64
address sizes	: 36 bits physical, 48 bits virtual
power management:

processor	: 2
vendor_id	: GenuineIntel
cpu family	: 6
model		: 58
model name	: Intel(R) Xeon(R) CPU E3-1230 V2 @ 3.30GHz
stepping	: 9
microcode	: 0x1c
cpu MHz		: 3505.992
cache size	: 8192 KB
physical id	: 0
siblings	: 8
core id		: 2
cpu cores	: 4
apicid		: 4
initial apicid	: 4
fpu		: yes
fpu_exception	: yes
cpuid level	: 13
wp		: yes
flags		: fpu vme de pse tsc msr pae mce cx8 apic sep mtrr pge mca cmov pat pse36 clflush dts acpi mmx fxsr sse sse2 ss ht tm pbe syscall nx rdtscp lm constant_tsc arch_perfmon pebs bts rep_good nopl xtopology nonstop_tsc aperfmperf eagerfpu pni pclmulqdq dtes64 monitor ds_cpl vmx smx est tm2 ssse3 cx16 xtpr pdcm pcid sse4_1 sse4_2 x2apic popcnt tsc_deadline_timer aes xsave avx f16c rdrand lahf_lm epb tpr_shadow vnmi flexpriority ept vpid fsgsbase smep erms xsaveopt dtherm ida arat pln pts
bugs		:
bogomips	: 6585.17
clflush size	: 64
cache_alignment	: 64
address sizes	: 36 bits physical, 48 bits virtual
power management:

processor	: 3
vendor_id	: GenuineIntel
cpu family	: 6
model		: 58
model name	: Intel(R) Xeon(R) CPU E3-1230 V2 @ 3.30GHz
stepping	: 9
microcode	: 0x1c
cpu MHz		: 3501.867
cache size	: 8192 KB
physical id	: 0
siblings	: 8
core id		: 3
cpu cores	: 4
apicid		: 6
initial apicid	: 6
fpu		: yes
fpu_exception	: yes
cpuid level	: 13
wp		: yes
flags		: fpu vme de pse tsc msr pae mce cx8 apic sep mtrr pge mca cmov pat pse36 clflush dts acpi mmx fxsr sse sse2 ss ht tm pbe syscall nx rdtscp lm constant_tsc arch_perfmon pebs bts rep_good nopl xtopology nonstop_tsc aperfmperf eagerfpu pni pclmulqdq dtes64 monitor ds_cpl vmx smx est tm2 ssse3 cx16 xtpr pdcm pcid sse4_1 sse4_2 x2apic popcnt tsc_deadline_timer aes xsave avx f16c rdrand lahf_lm epb tpr_shadow vnmi flexpriority ept vpid fsgsbase smep erms xsaveopt dtherm ida arat pln pts
bugs		:
bogomips	: 6585.17
clflush size	: 64
cache_alignment	: 64
address sizes	: 36 bits physical, 48 bits virtual
power management:

processor	: 4
vendor_id	: GenuineIntel
cpu family	: 6
model		: 58
model name	: Intel(R) Xeon(R) CPU E3-1230 V2 @ 3.30GHz
stepping	: 9
microcode	: 0x1c
cpu MHz		: 3505.992
cache size	: 8192 KB
physical id	: 0
siblings	: 8
core id		: 0
cpu cores	: 4
apicid		: 1
initial apicid	: 1
fpu		: yes
fpu_exception	: yes
cpuid level	: 13
wp		: yes
flags		: fpu vme de pse tsc msr pae mce cx8 apic sep mtrr pge mca cmov pat pse36 clflush dts acpi mmx fxsr sse sse2 ss ht tm pbe syscall nx rdtscp lm constant_tsc arch_perfmon pebs bts rep_good nopl xtopology nonstop_tsc aperfmperf eagerfpu pni pclmulqdq dtes64 monitor ds_cpl vmx smx est tm2 ssse3 cx16 xtpr pdcm pcid sse4_1 sse4_2 x2apic popcnt tsc_deadline_timer aes xsave avx f16c rdrand lahf_lm epb tpr_shadow vnmi flexpriority ept vpid fsgsbase smep erms xsaveopt dtherm ida arat pln pts
bugs		:
bogomips	: 6585.17
clflush size	: 64
cache_alignment	: 64
address sizes	: 36 bits physical, 48 bits virtual
power management:

processor	: 5
vendor_id	: GenuineIntel
cpu family	: 6
model		: 58
model name	: Intel(R) Xeon(R) CPU E3-1230 V2 @ 3.30GHz
stepping	: 9
microcode	: 0x1c
cpu MHz		: 3499.933
cache size	: 8192 KB
physical id	: 0
siblings	: 8
core id		: 1
cpu cores	: 4
apicid		: 3
initial apicid	: 3
fpu		: yes
fpu_exception	: yes
cpuid level	: 13
wp		: yes
flags		: fpu vme de pse tsc msr pae mce cx8 apic sep mtrr pge mca cmov pat pse36 clflush dts acpi mmx fxsr sse sse2 ss ht tm pbe syscall nx rdtscp lm constant_tsc arch_perfmon pebs bts rep_good nopl xtopology nonstop_tsc aperfmperf eagerfpu pni pclmulqdq dtes64 monitor ds_cpl vmx smx est tm2 ssse3 cx16 xtpr pdcm pcid sse4_1 sse4_2 x2apic popcnt tsc_deadline_timer aes xsave avx f16c rdrand lahf_lm epb tpr_shadow vnmi flexpriority ept vpid fsgsbase smep erms xsaveopt dtherm ida arat pln pts
bugs		:
bogomips	: 6585.17
clflush size	: 64
cache_alignment	: 64
address sizes	: 36 bits physical, 48 bits virtual
power management:

processor	: 6
vendor_id	: GenuineIntel
cpu family	: 6
model		: 58
model name	: Intel(R) Xeon(R) CPU E3-1230 V2 @ 3.30GHz
stepping	: 9
microcode	: 0x1c
cpu MHz		: 3500.191
cache size	: 8192 KB
physical id	: 0
siblings	: 8
core id		: 2
cpu cores	: 4
apicid		: 5
initial apicid	: 5
fpu		: yes
fpu_exception	: yes
cpuid level	: 13
wp		: yes
flags		: fpu vme de pse tsc msr pae mce cx8 apic sep mtrr pge mca cmov pat pse36 clflush dts acpi mmx fxsr sse sse2 ss ht tm pbe syscall nx rdtscp lm constant_tsc arch_perfmon pebs bts rep_good nopl xtopology nonstop_tsc aperfmperf eagerfpu pni pclmulqdq dtes64 monitor ds_cpl vmx smx est tm2 ssse3 cx16 xtpr pdcm pcid sse4_1 sse4_2 x2apic popcnt tsc_deadline_timer aes xsave avx f16c rdrand lahf_lm epb tpr_shadow vnmi flexpriority ept vpid fsgsbase smep erms xsaveopt dtherm ida arat pln pts
bugs		:
bogomips	: 6585.17
clflush size	: 64
cache_alignment	: 64
address sizes	: 36 bits physical, 48 bits virtual
power management:

processor	: 7
vendor_id	: GenuineIntel
cpu family	: 6
model		: 58
model name	: Intel(R) Xeon(R) CPU E3-1230 V2 @ 3.30GHz
stepping	: 9
microcode	: 0x1c
cpu MHz		: 3499.933
cache size	: 8192 KB
physical id	: 0
siblings	: 8
core id		: 3
cpu cores	: 4
apicid		: 7
initial apicid	: 7
fpu		: yes
fpu_exception	: yes
cpuid level	: 13
wp		: yes
flags		: fpu vme de pse tsc msr pae mce cx8 apic sep mtrr pge mca cmov pat pse36 clflush dts acpi mmx fxsr sse sse2 ss ht tm pbe syscall nx rdtscp lm constant_tsc arch_perfmon pebs bts rep_good nopl xtopology nonstop_tsc aperfmperf eagerfpu pni pclmulqdq dtes64 monitor ds_cpl vmx smx est tm2 ssse3 cx16 xtpr pdcm pcid sse4_1 sse4_2 x2apic popcnt tsc_deadline_timer aes xsave avx f16c rdrand lahf_lm epb tpr_shadow vnmi flexpriority ept vpid fsgsbase smep erms xsaveopt dtherm ida arat pln pts
bugs		:
bogomips	: 6585.17
clflush size	: 64
cache_alignment	: 64
address sizes	: 36 bits physical, 48 bits virtual
power management:



Memory: 4k page, physical 16392692k(1298936k free), swap 16736252k(16736252k free)

vm_info: Java HotSpot(TM) 64-Bit Server VM (25.112-b15) for linux-amd64 JRE (1.8.0_112-b15), built on Sep 22 2016 21:10:53 by "java_re" with gcc 4.3.0 20080428 (Red Hat 4.3.0-8)

time: Sun May  7 20:47:30 2017
elapsed time: 2 seconds (0d 0h 0m 2s)

